<?xml version="1.0" encoding="UTF-8"?>
<testng-results skipped="0" failed="0" ignored="0" total="1" passed="1">
  <reporter-output>
  </reporter-output>
  <suite name="Default suite" duration-ms="33966" started-at="2022-02-06T18:49:36 IST" finished-at="2022-02-06T18:50:10 IST">
    <groups>
    </groups>
    <test name="Default test" duration-ms="33966" started-at="2022-02-06T18:49:36 IST" finished-at="2022-02-06T18:50:10 IST">
      <class name="com.runner.T_Runner">
        <test-method status="PASS" signature="launchBrowser()[pri:0, instance:com.runner.T_Runner@5d76b067]" name="launchBrowser" duration-ms="33826" started-at="2022-02-06T18:49:36 IST" finished-at="2022-02-06T18:50:10 IST">
          <reporter-output>
          </reporter-output>
        </test-method> <!-- launchBrowser -->
      </class> <!-- com.runner.T_Runner -->
    </test> <!-- Default test -->
  </suite> <!-- Default suite -->
</testng-results>
